{"/mnt/c/Binar/kelompok3-challenge9-api/controller/rps.js": {"path":"/mnt/c/Binar/kelompok3-challenge9-api/controller/rps.js","all":false,"statementMap":{"0":{"start":{"line":1,"column":0},"end":{"line":1,"column":49}},"1":{"start":{"line":2,"column":0},"end":{"line":2,"column":0}},"2":{"start":{"line":3,"column":0},"end":{"line":3,"column":15}},"3":{"start":{"line":4,"column":0},"end":{"line":4,"column":36}},"4":{"start":{"line":5,"column":0},"end":{"line":5,"column":37}},"5":{"start":{"line":6,"column":0},"end":{"line":6,"column":36}},"6":{"start":{"line":7,"column":0},"end":{"line":7,"column":0}},"7":{"start":{"line":8,"column":0},"end":{"line":8,"column":7}},"8":{"start":{"line":9,"column":0},"end":{"line":9,"column":47}},"9":{"start":{"line":10,"column":0},"end":{"line":10,"column":84}},"10":{"start":{"line":11,"column":0},"end":{"line":11,"column":51}},"11":{"start":{"line":12,"column":0},"end":{"line":12,"column":5}},"12":{"start":{"line":13,"column":0},"end":{"line":13,"column":47}},"13":{"start":{"line":14,"column":0},"end":{"line":14,"column":55}},"14":{"start":{"line":15,"column":0},"end":{"line":15,"column":43}},"15":{"start":{"line":16,"column":0},"end":{"line":16,"column":28}},"16":{"start":{"line":17,"column":0},"end":{"line":17,"column":33}},"17":{"start":{"line":18,"column":0},"end":{"line":18,"column":27}},"18":{"start":{"line":19,"column":0},"end":{"line":19,"column":82}},"19":{"start":{"line":20,"column":0},"end":{"line":20,"column":5}},"20":{"start":{"line":21,"column":0},"end":{"line":21,"column":40}},"21":{"start":{"line":22,"column":0},"end":{"line":22,"column":0}},"22":{"start":{"line":23,"column":0},"end":{"line":23,"column":38}},"23":{"start":{"line":24,"column":0},"end":{"line":24,"column":31}},"24":{"start":{"line":25,"column":0},"end":{"line":25,"column":23}},"25":{"start":{"line":26,"column":0},"end":{"line":26,"column":5}},"26":{"start":{"line":27,"column":0},"end":{"line":27,"column":32}},"27":{"start":{"line":28,"column":0},"end":{"line":28,"column":23}},"28":{"start":{"line":29,"column":0},"end":{"line":29,"column":5}},"29":{"start":{"line":30,"column":0},"end":{"line":30,"column":0}},"30":{"start":{"line":31,"column":0},"end":{"line":31,"column":46}},"31":{"start":{"line":32,"column":0},"end":{"line":32,"column":27}},"32":{"start":{"line":33,"column":0},"end":{"line":33,"column":7}},"33":{"start":{"line":34,"column":0},"end":{"line":34,"column":27}},"34":{"start":{"line":35,"column":0},"end":{"line":35,"column":8}},"35":{"start":{"line":36,"column":0},"end":{"line":36,"column":42}},"36":{"start":{"line":37,"column":0},"end":{"line":37,"column":6}},"37":{"start":{"line":38,"column":0},"end":{"line":38,"column":37}},"38":{"start":{"line":39,"column":0},"end":{"line":39,"column":33}},"39":{"start":{"line":40,"column":0},"end":{"line":40,"column":24}},"40":{"start":{"line":41,"column":0},"end":{"line":41,"column":15}},"41":{"start":{"line":42,"column":0},"end":{"line":42,"column":28}},"42":{"start":{"line":43,"column":0},"end":{"line":43,"column":25}},"43":{"start":{"line":44,"column":0},"end":{"line":44,"column":7}},"44":{"start":{"line":45,"column":0},"end":{"line":45,"column":17}},"45":{"start":{"line":46,"column":0},"end":{"line":46,"column":67}},"46":{"start":{"line":47,"column":0},"end":{"line":47,"column":3}},"47":{"start":{"line":48,"column":0},"end":{"line":48,"column":2}},"48":{"start":{"line":49,"column":0},"end":{"line":49,"column":0}},"49":{"start":{"line":50,"column":0},"end":{"line":50,"column":24}}},"s":{"0":1,"1":1,"2":1,"3":1,"4":5,"5":5,"6":5,"7":5,"8":5,"9":5,"10":2,"11":2,"12":5,"13":5,"14":5,"15":5,"16":5,"17":5,"18":1,"19":1,"20":5,"21":5,"22":5,"23":5,"24":1,"25":1,"26":5,"27":1,"28":1,"29":2,"30":2,"31":2,"32":2,"33":2,"34":2,"35":2,"36":2,"37":2,"38":2,"39":2,"40":2,"41":2,"42":2,"43":2,"44":5,"45":0,"46":0,"47":5,"48":1,"49":1},"branchMap":{"0":{"type":"branch","line":4,"loc":{"start":{"line":4,"column":15},"end":{"line":48,"column":2}},"locations":[{"start":{"line":4,"column":15},"end":{"line":48,"column":2}}]},"1":{"type":"branch","line":10,"loc":{"start":{"line":10,"column":8},"end":{"line":10,"column":83}},"locations":[{"start":{"line":10,"column":8},"end":{"line":10,"column":83}}]},"2":{"type":"branch","line":10,"loc":{"start":{"line":10,"column":83},"end":{"line":12,"column":5}},"locations":[{"start":{"line":10,"column":83},"end":{"line":12,"column":5}}]},"3":{"type":"branch","line":18,"loc":{"start":{"line":18,"column":8},"end":{"line":18,"column":26}},"locations":[{"start":{"line":18,"column":8},"end":{"line":18,"column":26}}]},"4":{"type":"branch","line":18,"loc":{"start":{"line":18,"column":26},"end":{"line":20,"column":5}},"locations":[{"start":{"line":18,"column":26},"end":{"line":20,"column":5}}]},"5":{"type":"branch","line":24,"loc":{"start":{"line":24,"column":30},"end":{"line":26,"column":5}},"locations":[{"start":{"line":24,"column":30},"end":{"line":26,"column":5}}]},"6":{"type":"branch","line":27,"loc":{"start":{"line":27,"column":-1},"end":{"line":27,"column":8}},"locations":[{"start":{"line":27,"column":-1},"end":{"line":27,"column":8}}]},"7":{"type":"branch","line":27,"loc":{"start":{"line":27,"column":31},"end":{"line":29,"column":5}},"locations":[{"start":{"line":27,"column":31},"end":{"line":29,"column":5}}]},"8":{"type":"branch","line":30,"loc":{"start":{"line":30,"column":-1},"end":{"line":45,"column":4}},"locations":[{"start":{"line":30,"column":-1},"end":{"line":45,"column":4}}]},"9":{"type":"branch","line":45,"loc":{"start":{"line":45,"column":4},"end":{"line":47,"column":3}},"locations":[{"start":{"line":45,"column":4},"end":{"line":47,"column":3}}]},"10":{"type":"branch","line":16,"loc":{"start":{"line":16,"column":13},"end":{"line":16,"column":28}},"locations":[{"start":{"line":16,"column":13},"end":{"line":16,"column":28}}]}},"b":{"0":[5],"1":[4],"2":[2],"3":[2],"4":[1],"5":[1],"6":[2],"7":[1],"8":[2],"9":[0],"10":[3]},"fnMap":{"0":{"name":"runRps","decl":{"start":{"line":4,"column":15},"end":{"line":48,"column":2}},"loc":{"start":{"line":4,"column":15},"end":{"line":48,"column":2}},"line":4}},"f":{"0":5}}
}
