TN:
SF:controller/rps.js
FN:4,runRps
FNF:1
FNH:1
FNDA:5,runRps
DA:1,1
DA:2,1
DA:3,1
DA:4,1
DA:5,5
DA:6,5
DA:7,5
DA:8,5
DA:9,5
DA:10,5
DA:11,2
DA:12,2
DA:13,5
DA:14,5
DA:15,5
DA:16,5
DA:17,5
DA:18,5
DA:19,1
DA:20,1
DA:21,5
DA:22,5
DA:23,5
DA:24,5
DA:25,1
DA:26,1
DA:27,5
DA:28,1
DA:29,1
DA:30,2
DA:31,2
DA:32,2
DA:33,2
DA:34,2
DA:35,2
DA:36,2
DA:37,2
DA:38,2
DA:39,2
DA:40,2
DA:41,2
DA:42,2
DA:43,2
DA:44,2
DA:45,5
DA:46,0
DA:47,0
DA:48,5
DA:49,1
DA:50,1
LF:50
LH:48
BRDA:4,0,0,5
BRDA:10,1,0,4
BRDA:10,2,0,2
BRDA:18,3,0,2
BRDA:18,4,0,1
BRDA:24,5,0,1
BRDA:27,6,0,2
BRDA:27,7,0,1
BRDA:30,8,0,2
BRDA:45,9,0,0
BRDA:16,10,0,3
BRF:11
BRH:10
end_of_record
